current directory: c:/VMT/Product development/VarpasMedia.github.io/vendor/bundle/gems/http_parser.rb-0.6.0/ext/ruby_http_parser
C:/Ruby26-x64/bin/ruby.exe -I C:/Ruby26-x64/lib/ruby/2.6.0 -r ./siteconf20190501-15504-gurptx.rb extconf.rb
creating Makefile

current directory: c:/VMT/Product development/VarpasMedia.github.io/vendor/bundle/gems/http_parser.rb-0.6.0/ext/ruby_http_parser
make "DESTDIR=" clean

current directory: c:/VMT/Product development/VarpasMedia.github.io/vendor/bundle/gems/http_parser.rb-0.6.0/ext/ruby_http_parser
make "DESTDIR="
generating ruby_http_parser-x64-mingw32.def
compiling ruby_http_parser.c
x86_64-w64-mingw32-gcc.exe: error: development/VarpasMedia.github.io/vendor/bundle/gems/http_parser.rb-0.6.0/ext/ruby_http_parser: No such file or directory
make: *** [Makefile:244: ruby_http_parser.o] Error 1

make failed, exit code 2
